[debug] [2023-02-27T14:26:50.041Z] ----------------------------------------------------------------------
[debug] [2023-02-27T14:26:50.047Z] Command:       C:\Program Files\nodejs\node.exe C:\Users\fanofnietzsche\AppData\Roaming\npm\node_modules\firebase-tools\lib\bin\firebase.js init hosting
[debug] [2023-02-27T14:26:50.049Z] CLI Version:   11.24.0
[debug] [2023-02-27T14:26:50.049Z] Platform:      win32
[debug] [2023-02-27T14:26:50.050Z] Node Version:  v18.12.1
[debug] [2023-02-27T14:26:50.054Z] Time:          Mon Feb 27 2023 20:26:50 GMT+0600 (Bangladesh Standard Time)
[debug] [2023-02-27T14:26:50.054Z] ----------------------------------------------------------------------
[debug] 
[debug] [2023-02-27T14:26:50.093Z] > command requires scopes: ["email","openid","https://www.googleapis.com/auth/cloudplatformprojects.readonly","https://www.googleapis.com/auth/firebase","https://www.googleapis.com/auth/cloud-platform"]
[debug] [2023-02-27T14:26:50.095Z] > authorizing via signed-in user (study.contents.of.masumkhan@gmail.com)
[info] 
     ######## #### ########  ######## ########     ###     ######  ########
     ##        ##  ##     ## ##       ##     ##  ##   ##  ##       ##
     ######    ##  ########  ######   ########  #########  ######  ######
     ##        ##  ##    ##  ##       ##     ## ##     ##       ## ##
     ##       #### ##     ## ######## ########  ##     ##  ######  ########

You're about to initialize a Firebase project in this directory:

  D:\CSE_150103020010\0.mycode\__fullstack\@resume\@self-projects\resume_builder

[info] 
=== Project Setup
[info] 
[info] First, let's associate this project directory with a Firebase project.
[info] You can create multiple project aliases by running firebase use --add, 
[info] but for now we'll just set up a default project.
[info] 
[debug] [2023-02-27T14:27:15.849Z] >>> [apiv2][query] GET https://firebase.googleapis.com/v1beta1/projects pageSize=100
[debug] [2023-02-27T14:27:16.998Z] <<< [apiv2][status] GET https://firebase.googleapis.com/v1beta1/projects 200
[debug] [2023-02-27T14:27:16.998Z] <<< [apiv2][body] GET https://firebase.googleapis.com/v1beta1/projects [omitted]
[info] i  Using project react-fireb-auth-self (react-fireb-auth-self) 
[info] 
=== Hosting Setup
[info] 
[info] Your public directory is the folder (relative to your project directory) that
[info] will contain Hosting assets to be uploaded with firebase deploy. If you
[info] have a build process for your assets, use your build's output directory.
[info] 
[debug] [2023-02-27T14:27:36.957Z] >>> [apiv2][query] GET https://www.gstatic.com/firebasejs/releases.json [none]
[debug] [2023-02-27T14:27:37.337Z] <<< [apiv2][status] GET https://www.gstatic.com/firebasejs/releases.json 200
[debug] [2023-02-27T14:27:37.337Z] <<< [apiv2][body] GET https://www.gstatic.com/firebasejs/releases.json {"current":{"version":"9.17.1","browserURL":"https://www.gstatic.com/firebasejs/9.17.1/firebase.js","packageURL":"https://www.gstatic.com/firebasejs/9.17.1/firebase.tgz"},"live":{"version":"9.17","browserURL":"https://www.gstatic.com/firebasejs/live/9.17/firebase.js","packageURL":"https://www.gstatic.com/firebasejs/live/9.17/firebase.tgz"},"components":{"analytics":"https://www.gstatic.com/firebasejs/9.17.1/firebase-analytics.js","app":"https://www.gstatic.com/firebasejs/9.17.1/firebase-app.js","app-check":"https://www.gstatic.com/firebasejs/9.17.1/firebase-app-check.js","auth":"https://www.gstatic.com/firebasejs/9.17.1/firebase-auth.js","auth/cordova":"https://www.gstatic.com/firebasejs/9.17.1/firebase-auth/cordova.js","auth/react-native":"https://www.gstatic.com/firebasejs/9.17.1/firebase-auth/react-native.js","functions":"https://www.gstatic.com/firebasejs/9.17.1/firebase-functions.js","firestore":"https://www.gstatic.com/firebasejs/9.17.1/firebase-firestore.js","firestore/lite":"https://www.gstatic.com/firebasejs/9.17.1/firebase-firestore/lite.js","installations":"https://www.gstatic.com/firebasejs/9.17.1/firebase-installations.js","storage":"https://www.gstatic.com/firebasejs/9.17.1/firebase-storage.js","performance":"https://www.gstatic.com/firebasejs/9.17.1/firebase-performance.js","remote-config":"https://www.gstatic.com/firebasejs/9.17.1/firebase-remote-config.js","messaging":"https://www.gstatic.com/firebasejs/9.17.1/firebase-messaging.js","messaging/sw":"https://www.gstatic.com/firebasejs/9.17.1/firebase-messaging/sw.js","database":"https://www.gstatic.com/firebasejs/9.17.1/firebase-database.js","firestore.memory":"https://www.gstatic.com/firebasejs/9.17.1/firebase-firestore.memory.js"}}
[info] i  Skipping write of public/index.html 
[info] 
[info] i  Detected a .git folder at D:\CSE_150103020010\0.mycode\__fullstack\@resume\@self-projects\resume_builder 
[info] i  Authorizing with GitHub to upload your service account to a GitHub repository's secrets store. 
[info] 
[info] Visit this URL on this device to log in:
[info] https://github.com/login/oauth/authorize?client_id=89cf50f02ac6aaed3484&state=869484223&redirect_uri=http%3A%2F%2Flocalhost%3A9005&scope=read%3Auser%20repo%20public_repo
[info] 
[info] Waiting for authentication...
[debug] [2023-02-27T14:27:44.794Z] >>> [apiv2][query] POST https://github.com/login/oauth/access_token [none]
[debug] [2023-02-27T14:27:44.795Z] >>> [apiv2][body] POST https://github.com/login/oauth/access_token [stream]
[debug] [2023-02-27T14:27:45.949Z] <<< [apiv2][status] POST https://github.com/login/oauth/access_token 200
[debug] [2023-02-27T14:27:45.949Z] <<< [apiv2][body] POST https://github.com/login/oauth/access_token {"access_token":"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","token_type":"bearer","scope":"read:user,repo"}
[debug] [2023-02-27T14:27:45.961Z] >>> [apiv2][query] GET https://api.github.com/user [none]
[debug] [2023-02-27T14:27:46.994Z] <<< [apiv2][status] GET https://api.github.com/user 200
[debug] [2023-02-27T14:27:46.994Z] <<< [apiv2][body] GET https://api.github.com/user {"login":"masumkhan081","id":25237315,"node_id":"MDQ6VXNlcjI1MjM3MzE1","avatar_url":"https://avatars.githubusercontent.com/u/25237315?v=4","gravatar_id":"","url":"https://api.github.com/users/masumkhan081","html_url":"https://github.com/masumkhan081","followers_url":"https://api.github.com/users/masumkhan081/followers","following_url":"https://api.github.com/users/masumkhan081/following{/other_user}","gists_url":"https://api.github.com/users/masumkhan081/gists{/gist_id}","starred_url":"https://api.github.com/users/masumkhan081/starred{/owner}{/repo}","subscriptions_url":"https://api.github.com/users/masumkhan081/subscriptions","organizations_url":"https://api.github.com/users/masumkhan081/orgs","repos_url":"https://api.github.com/users/masumkhan081/repos","events_url":"https://api.github.com/users/masumkhan081/events{/privacy}","received_events_url":"https://api.github.com/users/masumkhan081/received_events","type":"User","site_admin":false,"name":"masum khan","company":"NorthEast University Bangladesh","blog":"","location":"Sylhet , Bangladesh","email":"masumkhan081@gmail.com","hireable":true,"bio":"I am a full-stack (mern) developer and a deep learning enthusiast.\r\n\r\n------- CV:      masumkhan081.github.io","twitter_username":"MasumKhan081","public_repos":14,"public_gists":0,"followers":0,"following":0,"created_at":"2017-01-20T02:05:49Z","updated_at":"2023-02-08T17:08:59Z","private_gists":0,"total_private_repos":0,"owned_private_repos":0,"disk_usage":20291,"collaborators":0,"two_factor_authentication":false,"plan":{"name":"free","space":976562499,"collaborators":0,"private_repos":10000}}
[info] 
[info] +  Success! Logged into GitHub as masumkhan081 
[info] 
